<?xml version="1.0" encoding="UTF-8" standalone="yes" ?>
<test-results name="Z:\arquivos\Projetos\Delphi\ci-delphi-gitactions-s3aws\Test\Win32\Debug\TesteUnitarioProjeto.exe" total="3" errors="0" failures="0" ignored="0" inconclusive="0" not-run="0" skipped="0" invalid="0" date="2020-12-14" time="0.080">
  <culture-info current-culture="en" current-uiculture="en" />
  <test-suite type="Assembly" name="TesteUnitarioProjeto.exe" executed="true" result="Success" success="True" time="0.080" asserts="0">
    <results>
        <test-suite type="Namespace" name="TesteProjeto" executed="true" result="Success" success="True" time="0.079" asserts="0" >
          <results>
              <test-suite type="Fixture" name="TTesteProjeto" executed="True" result="Success" success="True" time="0.079" >
                <results>
                  <test-case name="Test1" executed="True" result="Success" success="True" time="0.000" asserts="0" />
                  <test-case name="Test2.TestA" executed="True" result="Success" success="True" time="0.079" asserts="0" />
                  <test-case name="Test2.TestB" executed="True" result="Success" success="True" time="0.000" asserts="0" />
                </results>
              </test-suite>
          </results>
        </test-suite>
    </results>
  </test-suite>
</test-results>
